
The following have been reloaded with a version change:
  1) GCCcore/6.4.0 => GCCcore/7.3.0
  2) binutils/2.28-GCCcore-6.4.0 => binutils/2.30-GCCcore-7.3.0
  3) icc/2018.1.163-GCC-6.4.0-2.28 => icc/2018.3.222-GCC-7.3.0-2.30
  4) iccifort/2018.1.163-GCC-6.4.0-2.28 => iccifort/2018.3.222-GCC-7.3.0-2.30
  5) ifort/2018.1.163-GCC-6.4.0-2.28 => ifort/2018.3.222-GCC-7.3.0-2.30
  6) iimpi/2018a => iimpi/2018b
  7) imkl/2018.1.163-iimpi-2018a => imkl/2018.3.222-iimpi-2018b
  8) impi/2018.1.163-iccifort-2018.1.163-GCC-6.4.0-2.28 => impi/2018.3.222-iccifort-2018.3.222-GCC-7.3.0-2.30
  9) intel/2018a => intel/2018b


The following have been reloaded with a version change:
  1) FFTW/3.3.7-intel-2018a => FFTW/3.3.8-intel-2018b


The following have been reloaded with a version change:
  1) GMP/6.1.2-GCCcore-6.4.0 => GMP/6.1.2-GCCcore-7.3.0
  2) Python/3.6.4-intel-2018a => Python/3.6.6-intel-2018b
  3) SQLite/3.21.0-GCCcore-6.4.0 => SQLite/3.24.0-GCCcore-7.3.0
  4) Tcl/8.6.8-GCCcore-6.4.0 => Tcl/8.6.8-GCCcore-7.3.0
  5) bzip2/1.0.6-GCCcore-6.4.0 => bzip2/1.0.6-GCCcore-7.3.0
  6) libffi/3.2.1-GCCcore-6.4.0 => libffi/3.2.1-GCCcore-7.3.0
  7) libreadline/7.0-GCCcore-6.4.0 => libreadline/7.0-GCCcore-7.3.0
  8) ncurses/6.0-GCCcore-6.4.0 => ncurses/6.1-GCCcore-7.3.0
  9) zlib/1.2.11-GCCcore-6.4.0 => zlib/1.2.11-GCCcore-7.3.0

NUMBER OF PROCESSORS USED: 5
TEST 1: Electrostatic forces
SIMULATION-TIME: 2 SECONDS
IOPC-TIME: 0 SECONDS
SIMULATION-TIME: 1 SECONDS
IOPC-TIME: 1 SECONDS
SIMULATION-TIME: 2 SECONDS
IOPC-TIME: 0 SECONDS
SIMULATION-TIME: 1 SECONDS
IOPC-TIME: 1 SECONDS
SIMULATION-TIME: 2 SECONDS
IOPC-TIME: 0 SECONDS
SIMULATION-TIME: 1 SECONDS
IOPC-TIME: 1 SECONDS
SIMULATION-TIME: 1 SECONDS
IOPC-TIME: 1 SECONDS
SIMULATION-TIME: 1 SECONDS
IOPC-TIME: 0 SECONDS
SIMULATION-TIME: 1 SECONDS
IOPC-TIME: 0 SECONDS
SIMULATION-TIME: 1 SECONDS
IOPC-TIME: 0 SECONDS
SIMULATION-TIME: 1 SECONDS
IOPC-TIME: 0 SECONDS
TEST 2: Particle-field forces
SIMULATION-TIME: 1 SECONDS
IOPC-TIME: 2 SECONDS
TEST 3: Chi-gradient forces
SIMULATION-TIME: 2 SECONDS
IOPC-TIME: 1 SECONDS
TEST 4 Pressure profile
SIMULATION-TIME: 16 SECONDS
IOPC-TIME: 2 SECONDS
../COMP_PRESSURE_PROFILES.py:41: RuntimeWarning: invalid value encountered in true_divide
  hist=hist/nframes
No dihedrals present
Pressure tot: 2.808164e+08
Pressure XX:  2.823828e+08
Pressure YY:  2.825563e+08
Pressure ZZ:  2.775102e+08
KIN:          3.605588e+07
HPF TOT:      2.562781e+08
HPF0:         2.582996e+08
HPF1 xx:      -1.280398e+06
HPF1 yy:      -1.277647e+06
HPF1 zz:      -3.506344e+06
BOND TOT:     -1.151756e+07
BOND xx:      -8.945076e+06
BOND yy:      -8.913924e+06
BOND zz:      -1.669367e+07
ANGLE TOT:    -3.416698e-06
ANGLE xx:     -1.747179e+06
ANGLE yy:     -1.607585e+06
ANGLE zz:     3.354764e+06
DIHEDRAL TOT:    0.000000e+00
DIHEDRAL xx:     0.000000e+00
DIHEDRAL yy:     0.000000e+00
DIHEDRAL zz:     0.000000e+00
Serial simulation
../occamcg: /lib64/libc.so.6: version `GLIBC_2.14' not found (required by ../occamcg)
Traceback (most recent call last):
  File "../COMP_PRESSURE_PROFILES.py", line 103, in <module>
    Average_hist('fort.14','scf_press.dat')
  File "../COMP_PRESSURE_PROFILES.py", line 62, in Average_hist
    n=len(open(fn).readline().split())-1
FileNotFoundError: [Errno 2] No such file or directory: 'fort.14'
TEST 5: ENERGY CONSERVATION FOR BONDED TERMS
SIMULATION-TIME: 3 SECONDS
IOPC-TIME: 2 SECONDS
TEST 6: Pressure equilibration water
Parallel simulation
SIMULATION-TIME: 14 SECONDS
IOPC-TIME: 3 SECONDS
Serial simulation
../occamcg: /lib64/libc.so.6: version `GLIBC_2.14' not found (required by ../occamcg)
mv: cannot stat `fort.7': No such file or directory
grep: fort.7_serial: No such file or directory

Task and CPU usage stats:
       JobID    JobName  AllocCPUS   NTasks     MinCPU MinCPUTask     AveCPU    Elapsed ExitCode 
------------ ---------- ---------- -------- ---------- ---------- ---------- ---------- -------- 
1776137      PER_SINGLE          5                                             00:01:28      0:0 
1776137.bat+      batch          5        1   00:00:04          0   00:00:04   00:01:28      0:0 
1776137.0    occamcgmpi          5        5   00:00:00          3   00:00:00   00:00:02      0:0 
1776137.1    occamcgmpi          5        5   00:00:00          1   00:00:00   00:00:03      0:0 
1776137.2    occamcgmpi          5        5   00:00:00          2   00:00:00   00:00:02      0:0 
1776137.3    occamcgmpi          5        5   00:00:00          2   00:00:00   00:00:03      0:0 
1776137.4    occamcgmpi          5        5   00:00:00          1   00:00:00   00:00:03      0:0 
1776137.5    occamcgmpi          5        5   00:00:00          1   00:00:00   00:00:00      0:0 
1776137.6    occamcgmpi          5        5   00:00:00          1   00:00:00   00:00:01      0:0 
1776137.7    occamcgmpi          5        5   00:00:00          1   00:00:00   00:00:01      0:0 
1776137.8    occamcgmpi          5        5   00:00:00          1   00:00:00   00:00:01      0:0 
1776137.9    occamcgmpi          5        5   00:00:00          1   00:00:00   00:00:01      0:0 
1776137.10   occamcgmpi          5        5   00:00:00          4   00:00:00   00:00:01      0:0 
1776137.11   occamcgmpi          5        5   00:00:00          4   00:00:00   00:00:01      0:0 
1776137.12   occamcgmpi          5        5   00:00:00          4   00:00:00   00:00:02      0:0 
1776137.13   occamcgmpi          5        5   00:00:00          3   00:00:11   00:00:17      0:0 
1776137.14   occamcgmpi          5        5   00:00:00          3   00:00:01   00:00:03      0:0 
1776137.15   occamcgmpi          5        5   00:00:00          4   00:00:08   00:00:12      0:0 

Memory usage stats:
       JobID     MaxRSS MaxRSSTask     AveRSS MaxPages   MaxPagesTask   AvePages 
------------ ---------- ---------- ---------- -------- -------------- ---------- 
1776137                                                                          
1776137.bat+     19560K          0     19560K        0              0          0 
1776137.0        28652K          2   6282.40K        0              3          0 
1776137.1        27660K          0   6271.20K        0              1          0 
1776137.2        32892K          0   6949.60K        0              2          0 
1776137.3        28928K          1   6356.80K        0              2          0 
1776137.4        27676K          0   5903.20K        0              1          0 
1776137.5        31156K          0      6416K        0              1          0 
1776137.6        31132K          4      6596K        0              1          0 
1776137.7        33964K          0   7165.60K        0              1          0 
1776137.8        31172K          0      6980K        0              1          0 
1776137.9        31416K          0   6652.80K        0              1          0 
1776137.10       27544K          0   5876.80K        0              4          0 
1776137.11       35060K          1  26953.60K        0              4          0 
1776137.12       21916K          1     17184K        0              4          0 
1776137.13       20880K          1  16361.60K        0              3          0 
1776137.14        7564K          1   5788.80K        0              3          0 
1776137.15        7888K          1   6052.80K        0              4          0 

Disk usage stats:
       JobID  MaxDiskRead MaxDiskReadTask    AveDiskRead MaxDiskWrite MaxDiskWriteTask   AveDiskWrite 
------------ ------------ --------------- -------------- ------------ ---------------- -------------- 
1776137                                                                                               
1776137.bat+      393.28M               0        393.28M      133.00M                0        133.00M 
1776137.0           0.03M               0          0.01M        0.01M                0          0.00M 
1776137.1           0.03M               0          0.01M        0.01M                0          0.00M 
1776137.2           0.03M               0          0.02M        0.01M                0          0.00M 
1776137.3           0.03M               0          0.01M        0.01M                0          0.00M 
1776137.4           0.03M               0          0.02M        0.01M                0          0.00M 
1776137.5           0.03M               0          0.03M        0.01M                0          0.00M 
1776137.6           0.03M               0          0.02M        0.01M                0          0.00M 
1776137.7           0.03M               0          0.02M        0.01M                0          0.00M 
1776137.8           0.03M               0          0.01M        0.01M                0          0.00M 
1776137.9           0.03M               0          0.02M        0.01M                0          0.00M 
1776137.10          0.03M               0          0.02M        0.01M                0          0.00M 
1776137.11          1.29M               0          1.02M        9.13M                0          2.62M 
1776137.12          0.88M               0          0.70M        8.41M                0          2.46M 
1776137.13          0.88M               0          0.70M       19.43M                0          5.52M 
1776137.14          1.29M               0          1.02M        8.03M                0          2.62M 
1776137.15          0.40M               0          0.32M       12.31M                0          8.35M 

Job 1776137 completed at Tue Aug 27 14:17:14 CEST 2019
