
The following have been reloaded with a version change:
  1) GCCcore/6.4.0 => GCCcore/7.3.0
  2) binutils/2.28-GCCcore-6.4.0 => binutils/2.30-GCCcore-7.3.0
  3) icc/2018.1.163-GCC-6.4.0-2.28 => icc/2018.3.222-GCC-7.3.0-2.30
  4) iccifort/2018.1.163-GCC-6.4.0-2.28 => iccifort/2018.3.222-GCC-7.3.0-2.30
  5) ifort/2018.1.163-GCC-6.4.0-2.28 => ifort/2018.3.222-GCC-7.3.0-2.30
  6) iimpi/2018a => iimpi/2018b
  7) imkl/2018.1.163-iimpi-2018a => imkl/2018.3.222-iimpi-2018b
  8) impi/2018.1.163-iccifort-2018.1.163-GCC-6.4.0-2.28 => impi/2018.3.222-iccifort-2018.3.222-GCC-7.3.0-2.30
  9) intel/2018a => intel/2018b


The following have been reloaded with a version change:
  1) FFTW/3.3.7-intel-2018a => FFTW/3.3.8-intel-2018b


The following have been reloaded with a version change:
  1) GMP/6.1.2-GCCcore-6.4.0 => GMP/6.1.2-GCCcore-7.3.0
  2) Python/3.6.4-intel-2018a => Python/3.6.6-intel-2018b
  3) SQLite/3.21.0-GCCcore-6.4.0 => SQLite/3.24.0-GCCcore-7.3.0
  4) Tcl/8.6.8-GCCcore-6.4.0 => Tcl/8.6.8-GCCcore-7.3.0
  5) bzip2/1.0.6-GCCcore-6.4.0 => bzip2/1.0.6-GCCcore-7.3.0
  6) libffi/3.2.1-GCCcore-6.4.0 => libffi/3.2.1-GCCcore-7.3.0
  7) libreadline/7.0-GCCcore-6.4.0 => libreadline/7.0-GCCcore-7.3.0
  8) ncurses/6.0-GCCcore-6.4.0 => ncurses/6.1-GCCcore-7.3.0
  9) zlib/1.2.11-GCCcore-6.4.0 => zlib/1.2.11-GCCcore-7.3.0

NUMBER OF PROCESSORS USED: 5
TEST 1: Electrostatic forces
SIMULATION-TIME: 1 SECONDS
IOPC-TIME: 0 SECONDS
SIMULATION-TIME: 2 SECONDS
IOPC-TIME: 0 SECONDS
SIMULATION-TIME: 2 SECONDS
IOPC-TIME: 1 SECONDS
SIMULATION-TIME: 1 SECONDS
IOPC-TIME: 0 SECONDS
SIMULATION-TIME: 2 SECONDS
IOPC-TIME: 0 SECONDS
SIMULATION-TIME: 1 SECONDS
IOPC-TIME: 1 SECONDS
SIMULATION-TIME: 1 SECONDS
IOPC-TIME: 1 SECONDS
SIMULATION-TIME: 1 SECONDS
IOPC-TIME: 1 SECONDS
SIMULATION-TIME: 1 SECONDS
IOPC-TIME: 1 SECONDS
SIMULATION-TIME: 3 SECONDS
IOPC-TIME: 1 SECONDS
SIMULATION-TIME: 2 SECONDS
IOPC-TIME: 0 SECONDS
TEST 2: Particle-field forces
SIMULATION-TIME: 2 SECONDS
IOPC-TIME: 1 SECONDS
TEST 3: Chi-gradient forces
SIMULATION-TIME: 1 SECONDS
IOPC-TIME: 1 SECONDS
TEST 4 Pressure profile
SIMULATION-TIME: 16 SECONDS
IOPC-TIME: 2 SECONDS
../COMP_PRESSURE_PROFILES.py:41: RuntimeWarning: invalid value encountered in true_divide
  hist=hist/nframes
No dihedrals present
Pressure tot: 2.807844e+08
Pressure XX:  2.826496e+08
Pressure YY:  2.823668e+08
Pressure ZZ:  2.773370e+08
KIN:          3.610090e+07
HPF TOT:      2.561860e+08
HPF0:         2.582031e+08
HPF1 xx:      -1.270424e+06
HPF1 yy:      -1.271284e+06
HPF1 zz:      -3.509361e+06
BOND TOT:     -1.150249e+07
BOND xx:      -8.575187e+06
BOND yy:      -9.106916e+06
BOND zz:      -1.682536e+07
ANGLE TOT:    -1.670026e-08
ANGLE xx:     -1.808794e+06
ANGLE yy:     -1.558921e+06
ANGLE zz:     3.367714e+06
DIHEDRAL TOT:    0.000000e+00
DIHEDRAL xx:     0.000000e+00
DIHEDRAL yy:     0.000000e+00
DIHEDRAL zz:     0.000000e+00
Serial simulation
../occamcg: /lib64/libc.so.6: version `GLIBC_2.14' not found (required by ../occamcg)
Traceback (most recent call last):
  File "../COMP_PRESSURE_PROFILES.py", line 103, in <module>
    Average_hist('fort.14','scf_press.dat')
  File "../COMP_PRESSURE_PROFILES.py", line 62, in Average_hist
    n=len(open(fn).readline().split())-1
FileNotFoundError: [Errno 2] No such file or directory: 'fort.14'
TEST 5: ENERGY CONSERVATION FOR BONDED TERMS
SIMULATION-TIME: 3 SECONDS
IOPC-TIME: 2 SECONDS
TEST 6: Pressure equilibration water
Parallel simulation
SIMULATION-TIME: 11 SECONDS
IOPC-TIME: 3 SECONDS
Serial simulation
../occamcg: /lib64/libc.so.6: version `GLIBC_2.14' not found (required by ../occamcg)
mv: cannot stat `fort.7': No such file or directory
grep: fort.7_serial: No such file or directory

Task and CPU usage stats:
       JobID    JobName  AllocCPUS   NTasks     MinCPU MinCPUTask     AveCPU    Elapsed ExitCode 
------------ ---------- ---------- -------- ---------- ---------- ---------- ---------- -------- 
1776138      PER_SINGLE          5                                             00:01:39      0:0 
1776138.bat+      batch          5        1   00:00:00          0   00:00:00   00:01:39      0:0 
1776138.0    occamcgmpi          5        5   00:00:00          1   00:00:00   00:00:01      0:0 
1776138.1    occamcgmpi          5        5   00:00:00          1   00:00:00   00:00:02      0:0 
1776138.2    occamcgmpi          5        5   00:00:00          4   00:00:00   00:00:02      0:0 
1776138.3    occamcgmpi          5        5   00:00:00          1   00:00:00   00:00:01      0:0 
1776138.4    occamcgmpi          5        5   00:00:00          2   00:00:00   00:00:02      0:0 
1776138.5    occamcgmpi          5        5   00:00:00          1   00:00:00   00:00:01      0:0 
1776138.6    occamcgmpi          5        5   00:00:00          2   00:00:00   00:00:00      0:0 
1776138.7    occamcgmpi          5        5   00:00:00          1   00:00:00   00:00:01      0:0 
1776138.8    occamcgmpi          5        5   00:00:00          2   00:00:00   00:00:01      0:0 
1776138.9    occamcgmpi          5        5   00:00:00          1   00:00:00   00:00:03      0:0 
1776138.10   occamcgmpi          5        5   00:00:00          3   00:00:00   00:00:02      0:0 
1776138.11   occamcgmpi          5        5   00:00:00          4   00:00:00   00:00:02      0:0 
1776138.12   occamcgmpi          5        5   00:00:00          4   00:00:00   00:00:03      0:0 
1776138.13   occamcgmpi          5        5   00:00:14          4   00:00:14   00:00:15      0:0 
1776138.14   occamcgmpi          5        5   00:00:00          3   00:00:01   00:00:03      0:0 
1776138.15   occamcgmpi          5        5   00:00:00          3   00:00:08   00:00:11      0:0 

Memory usage stats:
       JobID     MaxRSS MaxRSSTask     AveRSS MaxPages   MaxPagesTask   AvePages 
------------ ---------- ---------- ---------- -------- -------------- ---------- 
1776138                                                                          
1776138.bat+      5732K          0      5732K        0              0          0 
1776138.0        28604K          0   6456.80K        0              1          0 
1776138.1        25564K          0      5852K        0              1          0 
1776138.2        26808K          0      5728K        0              4          0 
1776138.3        29300K          4  16470.40K        0              1          0 
1776138.4        28604K          0   5904.80K        0              2          0 
1776138.5        29364K          0   6615.20K        0              1          0 
1776138.6        17940K          1   3959.20K        0              2          0 
1776138.7        25580K          0   5858.40K        0              1          0 
1776138.8        23972K          4      5164K        0              2          0 
1776138.9        25628K          0   5864.80K        0              1          0 
1776138.10       23472K          2   4880.80K        0              3          0 
1776138.11       35064K          1  26713.60K       2K              0      1.20K 
1776138.12       21920K          1  17151.20K        0              4          0 
1776138.13       25112K          1  21533.60K        0              4          0 
1776138.14        7568K          1   5823.20K       2K              0      1.60K 
1776138.15        7872K          4   5646.40K        0              3          0 

Disk usage stats:
       JobID  MaxDiskRead MaxDiskReadTask    AveDiskRead MaxDiskWrite MaxDiskWriteTask   AveDiskWrite 
------------ ------------ --------------- -------------- ------------ ---------------- -------------- 
1776138                                                                                               
1776138.bat+      455.97M               0        455.97M      168.26M                0        168.26M 
1776138.0           0.03M               0          0.01M        0.01M                0          0.00M 
1776138.1           0.03M               0          0.01M        0.01M                0          0.00M 
1776138.2           0.03M               0          0.02M        0.01M                0          0.00M 
1776138.3           0.03M               0          0.03M        0.01M                0          0.00M 
1776138.4           0.03M               0          0.03M        0.01M                0          0.00M 
1776138.5           0.03M               0          0.01M        0.01M                0          0.00M 
1776138.6           0.03M               0          0.02M        0.01M                0          0.00M 
1776138.7           0.03M               0          0.01M        0.01M                0          0.00M 
1776138.8           0.03M               0          0.02M        0.01M                0          0.00M 
1776138.9           0.03M               0          0.01M        0.01M                0          0.00M 
1776138.10          0.03M               0          0.03M        0.01M                0          0.00M 
1776138.11          1.29M               0          1.02M        9.13M                0          2.62M 
1776138.12          0.88M               0          0.70M        8.41M                0          2.46M 
1776138.13          0.88M               0          0.88M       19.43M                0          5.86M 
1776138.14          1.29M               0          1.02M        8.03M                0          2.62M 
1776138.15          0.40M               0          0.32M       12.31M                0          8.35M 

Job 1776138 completed at Tue Aug 27 14:21:33 CEST 2019
